<?xml version="1.0" encoding="UTF-8"?>
<coverage generated="1536376881143" clover="3.2.0">
  <project timestamp="1536376881144" name="All files">
    <metrics statements="111" coveredstatements="110" conditionals="12" coveredconditionals="12" methods="27" coveredmethods="26" elements="150" coveredelements="148" complexity="0" loc="111" ncloc="111" packages="2" files="12" classes="12">
      <package name="part-1">
        <metrics statements="85" coveredstatements="84" conditionals="12" coveredconditionals="12" methods="18" coveredmethods="17"/>
        <file name="PseudoGenerator.js" path="/Users/iamoperand/Web/Pesto/jumpcut/src/part-1/PseudoGenerator.js">
          <metrics statements="4" coveredstatements="3" conditionals="0" coveredconditionals="0" methods="3" coveredmethods="2"/>
          <line num="3" count="7" type="stmt"/>
          <line num="7" count="0" type="stmt"/>
          <line num="11" count="36" type="stmt"/>
          <line num="15" count="2" type="stmt"/>
        </file>
        <file name="factorialSeq.js" path="/Users/iamoperand/Web/Pesto/jumpcut/src/part-1/factorialSeq.js">
          <metrics statements="11" coveredstatements="11" conditionals="2" coveredconditionals="2" methods="3" coveredmethods="3"/>
          <line num="1" count="2" type="stmt"/>
          <line num="2" count="30" type="cond" truecount="2" falsecount="0"/>
          <line num="3" count="10" type="stmt"/>
          <line num="5" count="20" type="stmt"/>
          <line num="8" count="2" type="stmt"/>
          <line num="9" count="3" type="stmt"/>
          <line num="10" count="3" type="stmt"/>
          <line num="11" count="10" type="stmt"/>
          <line num="12" count="10" type="stmt"/>
          <line num="13" count="10" type="stmt"/>
          <line num="17" count="2" type="stmt"/>
        </file>
        <file name="fibonacciSeq.js" path="/Users/iamoperand/Web/Pesto/jumpcut/src/part-1/fibonacciSeq.js">
          <metrics statements="13" coveredstatements="13" conditionals="4" coveredconditionals="4" methods="3" coveredmethods="3"/>
          <line num="1" count="2" type="stmt"/>
          <line num="2" count="118" type="cond" truecount="2" falsecount="0"/>
          <line num="3" count="26" type="stmt"/>
          <line num="5" count="92" type="cond" truecount="2" falsecount="0"/>
          <line num="6" count="40" type="stmt"/>
          <line num="8" count="52" type="stmt"/>
          <line num="11" count="2" type="stmt"/>
          <line num="12" count="3" type="stmt"/>
          <line num="13" count="3" type="stmt"/>
          <line num="14" count="14" type="stmt"/>
          <line num="15" count="14" type="stmt"/>
          <line num="16" count="14" type="stmt"/>
          <line num="21" count="2" type="stmt"/>
        </file>
        <file name="generator.js" path="/Users/iamoperand/Web/Pesto/jumpcut/src/part-1/generator.js">
          <metrics statements="5" coveredstatements="5" conditionals="0" coveredconditionals="0" methods="1" coveredmethods="1"/>
          <line num="1" count="2" type="stmt"/>
          <line num="4" count="2" type="stmt"/>
          <line num="5" count="7" type="stmt"/>
          <line num="6" count="7" type="stmt"/>
          <line num="10" count="2" type="stmt"/>
        </file>
        <file name="index.js" path="/Users/iamoperand/Web/Pesto/jumpcut/src/part-1/index.js">
          <metrics statements="12" coveredstatements="12" conditionals="0" coveredconditionals="0" methods="0" coveredmethods="0"/>
          <line num="1" count="1" type="stmt"/>
          <line num="3" count="1" type="stmt"/>
          <line num="4" count="1" type="stmt"/>
          <line num="5" count="1" type="stmt"/>
          <line num="6" count="1" type="stmt"/>
          <line num="7" count="1" type="stmt"/>
          <line num="10" count="1" type="stmt"/>
          <line num="11" count="1" type="stmt"/>
          <line num="12" count="1" type="stmt"/>
          <line num="13" count="1" type="stmt"/>
          <line num="14" count="1" type="stmt"/>
          <line num="17" count="1" type="stmt"/>
        </file>
        <file name="partialSumSeq.js" path="/Users/iamoperand/Web/Pesto/jumpcut/src/part-1/partialSumSeq.js">
          <metrics statements="11" coveredstatements="11" conditionals="2" coveredconditionals="2" methods="2" coveredmethods="2"/>
          <line num="1" count="2" type="stmt"/>
          <line num="2" count="4" type="stmt"/>
          <line num="3" count="4" type="stmt"/>
          <line num="4" count="4" type="stmt"/>
          <line num="5" count="17" type="stmt"/>
          <line num="7" count="17" type="stmt"/>
          <line num="8" count="17" type="cond" truecount="2" falsecount="0"/>
          <line num="9" count="2" type="stmt"/>
          <line num="11" count="15" type="stmt"/>
          <line num="12" count="15" type="stmt"/>
          <line num="17" count="2" type="stmt"/>
        </file>
        <file name="primeSeq.js" path="/Users/iamoperand/Web/Pesto/jumpcut/src/part-1/primeSeq.js">
          <metrics statements="22" coveredstatements="22" conditionals="4" coveredconditionals="4" methods="4" coveredmethods="4"/>
          <line num="1" count="2" type="stmt"/>
          <line num="2" count="26" type="stmt"/>
          <line num="4" count="26" type="cond" truecount="2" falsecount="0"/>
          <line num="5" count="2" type="stmt"/>
          <line num="7" count="24" type="stmt"/>
          <line num="8" count="24" type="stmt"/>
          <line num="9" count="26" type="cond" truecount="2" falsecount="0"/>
          <line num="10" count="12" type="stmt"/>
          <line num="12" count="14" type="stmt"/>
          <line num="15" count="12" type="stmt"/>
          <line num="18" count="2" type="stmt"/>
          <line num="19" count="12" type="stmt"/>
          <line num="20" count="12" type="stmt"/>
          <line num="21" count="14" type="stmt"/>
          <line num="23" count="12" type="stmt"/>
          <line num="26" count="2" type="stmt"/>
          <line num="27" count="3" type="stmt"/>
          <line num="28" count="3" type="stmt"/>
          <line num="29" count="12" type="stmt"/>
          <line num="30" count="12" type="stmt"/>
          <line num="31" count="12" type="stmt"/>
          <line num="36" count="2" type="stmt"/>
        </file>
        <file name="rangeSeq.js" path="/Users/iamoperand/Web/Pesto/jumpcut/src/part-1/rangeSeq.js">
          <metrics statements="7" coveredstatements="7" conditionals="0" coveredconditionals="0" methods="2" coveredmethods="2"/>
          <line num="1" count="3" type="stmt"/>
          <line num="2" count="5" type="stmt"/>
          <line num="3" count="5" type="stmt"/>
          <line num="4" count="16" type="stmt"/>
          <line num="5" count="16" type="stmt"/>
          <line num="6" count="16" type="stmt"/>
          <line num="11" count="3" type="stmt"/>
        </file>
      </package>
      <package name="part-2">
        <metrics statements="26" coveredstatements="26" conditionals="0" coveredconditionals="0" methods="9" coveredmethods="9"/>
        <file name="accumulatorPipe.js" path="/Users/iamoperand/Web/Pesto/jumpcut/src/part-2/accumulatorPipe.js">
          <metrics statements="6" coveredstatements="6" conditionals="0" coveredconditionals="0" methods="2" coveredmethods="2"/>
          <line num="1" count="1" type="stmt"/>
          <line num="2" count="2" type="stmt"/>
          <line num="3" count="2" type="stmt"/>
          <line num="4" count="8" type="stmt"/>
          <line num="5" count="8" type="stmt"/>
          <line num="10" count="1" type="stmt"/>
        </file>
        <file name="index.js" path="/Users/iamoperand/Web/Pesto/jumpcut/src/part-2/index.js">
          <metrics statements="10" coveredstatements="10" conditionals="0" coveredconditionals="0" methods="0" coveredmethods="0"/>
          <line num="1" count="1" type="stmt"/>
          <line num="2" count="1" type="stmt"/>
          <line num="3" count="1" type="stmt"/>
          <line num="5" count="1" type="stmt"/>
          <line num="6" count="1" type="stmt"/>
          <line num="9" count="1" type="stmt"/>
          <line num="13" count="1" type="stmt"/>
          <line num="19" count="1" type="stmt"/>
          <line num="20" count="1" type="stmt"/>
          <line num="23" count="1" type="stmt"/>
        </file>
        <file name="isEvenPipe.js" path="/Users/iamoperand/Web/Pesto/jumpcut/src/part-2/isEvenPipe.js">
          <metrics statements="2" coveredstatements="2" conditionals="0" coveredconditionals="0" methods="2" coveredmethods="2"/>
          <line num="1" count="4" type="stmt"/>
          <line num="7" count="1" type="stmt"/>
        </file>
        <file name="pipeSeq.js" path="/Users/iamoperand/Web/Pesto/jumpcut/src/part-2/pipeSeq.js">
          <metrics statements="8" coveredstatements="8" conditionals="0" coveredconditionals="0" methods="5" coveredmethods="5"/>
          <line num="1" count="1" type="stmt"/>
          <line num="2" count="2" type="stmt"/>
          <line num="3" count="2" type="stmt"/>
          <line num="4" count="2" type="stmt"/>
          <line num="6" count="3" type="stmt"/>
          <line num="7" count="3" type="stmt"/>
          <line num="9" count="12" type="stmt"/>
          <line num="14" count="1" type="stmt"/>
        </file>
      </package>
    </metrics>
  </project>
</coverage>
