{"/Users/iamoperand/Web/Pesto/jumpcut/src/part-1/PseudoGenerator.js": {"path":"/Users/iamoperand/Web/Pesto/jumpcut/src/part-1/PseudoGenerator.js","statementMap":{"0":{"start":{"line":3,"column":4},"end":{"line":3,"column":31}},"1":{"start":{"line":7,"column":4},"end":{"line":7,"column":16}},"2":{"start":{"line":11,"column":4},"end":{"line":11,"column":28}},"3":{"start":{"line":15,"column":0},"end":{"line":15,"column":33}}},"fnMap":{"0":{"name":"(anonymous_0)","decl":{"start":{"line":2,"column":2},"end":{"line":2,"column":3}},"loc":{"start":{"line":2,"column":25},"end":{"line":4,"column":3}},"line":2},"1":{"name":"(anonymous_1)","decl":{"start":{"line":6,"column":2},"end":{"line":6,"column":3}},"loc":{"start":{"line":6,"column":22},"end":{"line":8,"column":3}},"line":6},"2":{"name":"(anonymous_2)","decl":{"start":{"line":10,"column":2},"end":{"line":10,"column":3}},"loc":{"start":{"line":10,"column":9},"end":{"line":12,"column":3}},"line":10}},"branchMap":{},"s":{"0":7,"1":0,"2":36,"3":2},"f":{"0":7,"1":0,"2":36},"b":{},"_coverageSchema":"332fd63041d2c1bcb487cc26dd0d5f7d97098a6c","hash":"13a8d8bc0b5d06d08bfa7d52f507ce38120f65be"}
,"/Users/iamoperand/Web/Pesto/jumpcut/src/part-1/factorialSeq.js": {"path":"/Users/iamoperand/Web/Pesto/jumpcut/src/part-1/factorialSeq.js","statementMap":{"0":{"start":{"line":1,"column":22},"end":{"line":6,"column":1}},"1":{"start":{"line":2,"column":2},"end":{"line":4,"column":3}},"2":{"start":{"line":3,"column":4},"end":{"line":3,"column":13}},"3":{"start":{"line":5,"column":2},"end":{"line":5,"column":38}},"4":{"start":{"line":8,"column":21},"end":{"line":15,"column":1}},"5":{"start":{"line":9,"column":19},"end":{"line":9,"column":20}},"6":{"start":{"line":10,"column":2},"end":{"line":14,"column":4}},"7":{"start":{"line":11,"column":17},"end":{"line":11,"column":27}},"8":{"start":{"line":12,"column":4},"end":{"line":12,"column":20}},"9":{"start":{"line":13,"column":4},"end":{"line":13,"column":31}},"10":{"start":{"line":17,"column":0},"end":{"line":17,"column":30}}},"fnMap":{"0":{"name":"(anonymous_0)","decl":{"start":{"line":1,"column":22},"end":{"line":1,"column":23}},"loc":{"start":{"line":1,"column":31},"end":{"line":6,"column":1}},"line":1},"1":{"name":"(anonymous_1)","decl":{"start":{"line":8,"column":21},"end":{"line":8,"column":22}},"loc":{"start":{"line":8,"column":27},"end":{"line":15,"column":1}},"line":8},"2":{"name":"(anonymous_2)","decl":{"start":{"line":10,"column":9},"end":{"line":10,"column":10}},"loc":{"start":{"line":10,"column":15},"end":{"line":14,"column":3}},"line":10}},"branchMap":{"0":{"loc":{"start":{"line":2,"column":2},"end":{"line":4,"column":3}},"type":"if","locations":[{"start":{"line":2,"column":2},"end":{"line":4,"column":3}},{"start":{"line":2,"column":2},"end":{"line":4,"column":3}}],"line":2}},"s":{"0":2,"1":30,"2":10,"3":20,"4":2,"5":3,"6":3,"7":10,"8":10,"9":10,"10":2},"f":{"0":30,"1":3,"2":10},"b":{"0":[10,20]},"_coverageSchema":"332fd63041d2c1bcb487cc26dd0d5f7d97098a6c","hash":"a8a6bd2faf618a27b35b684b62ea9f38adef7651"}
,"/Users/iamoperand/Web/Pesto/jumpcut/src/part-1/fibonacciSeq.js": {"path":"/Users/iamoperand/Web/Pesto/jumpcut/src/part-1/fibonacciSeq.js","statementMap":{"0":{"start":{"line":1,"column":22},"end":{"line":9,"column":1}},"1":{"start":{"line":2,"column":2},"end":{"line":4,"column":3}},"2":{"start":{"line":3,"column":4},"end":{"line":3,"column":13}},"3":{"start":{"line":5,"column":2},"end":{"line":7,"column":3}},"4":{"start":{"line":6,"column":4},"end":{"line":6,"column":13}},"5":{"start":{"line":8,"column":2},"end":{"line":8,"column":57}},"6":{"start":{"line":11,"column":21},"end":{"line":18,"column":1}},"7":{"start":{"line":12,"column":25},"end":{"line":12,"column":26}},"8":{"start":{"line":13,"column":2},"end":{"line":17,"column":4}},"9":{"start":{"line":14,"column":17},"end":{"line":14,"column":33}},"10":{"start":{"line":15,"column":4},"end":{"line":15,"column":26}},"11":{"start":{"line":16,"column":4},"end":{"line":16,"column":31}},"12":{"start":{"line":21,"column":0},"end":{"line":21,"column":30}}},"fnMap":{"0":{"name":"(anonymous_0)","decl":{"start":{"line":1,"column":22},"end":{"line":1,"column":23}},"loc":{"start":{"line":1,"column":31},"end":{"line":9,"column":1}},"line":1},"1":{"name":"(anonymous_1)","decl":{"start":{"line":11,"column":21},"end":{"line":11,"column":22}},"loc":{"start":{"line":11,"column":27},"end":{"line":18,"column":1}},"line":11},"2":{"name":"(anonymous_2)","decl":{"start":{"line":13,"column":9},"end":{"line":13,"column":10}},"loc":{"start":{"line":13,"column":15},"end":{"line":17,"column":3}},"line":13}},"branchMap":{"0":{"loc":{"start":{"line":2,"column":2},"end":{"line":4,"column":3}},"type":"if","locations":[{"start":{"line":2,"column":2},"end":{"line":4,"column":3}},{"start":{"line":2,"column":2},"end":{"line":4,"column":3}}],"line":2},"1":{"loc":{"start":{"line":5,"column":2},"end":{"line":7,"column":3}},"type":"if","locations":[{"start":{"line":5,"column":2},"end":{"line":7,"column":3}},{"start":{"line":5,"column":2},"end":{"line":7,"column":3}}],"line":5}},"s":{"0":2,"1":118,"2":26,"3":92,"4":40,"5":52,"6":2,"7":3,"8":3,"9":14,"10":14,"11":14,"12":2},"f":{"0":118,"1":3,"2":14},"b":{"0":[26,92],"1":[40,52]},"_coverageSchema":"332fd63041d2c1bcb487cc26dd0d5f7d97098a6c","hash":"9ffed478b54406c141eccf5261aa6127fd12b178"}
,"/Users/iamoperand/Web/Pesto/jumpcut/src/part-1/generator.js": {"path":"/Users/iamoperand/Web/Pesto/jumpcut/src/part-1/generator.js","statementMap":{"0":{"start":{"line":1,"column":24},"end":{"line":1,"column":52}},"1":{"start":{"line":4,"column":18},"end":{"line":7,"column":1}},"2":{"start":{"line":5,"column":26},"end":{"line":5,"column":56}},"3":{"start":{"line":6,"column":2},"end":{"line":6,"column":25}},"4":{"start":{"line":10,"column":0},"end":{"line":10,"column":27}}},"fnMap":{"0":{"name":"(anonymous_0)","decl":{"start":{"line":4,"column":18},"end":{"line":4,"column":19}},"loc":{"start":{"line":4,"column":33},"end":{"line":7,"column":1}},"line":4}},"branchMap":{},"s":{"0":2,"1":2,"2":7,"3":7,"4":2},"f":{"0":7},"b":{},"_coverageSchema":"332fd63041d2c1bcb487cc26dd0d5f7d97098a6c","hash":"bd4fb0327338dec8f0334c2577fe654fddf0fa1e"}
,"/Users/iamoperand/Web/Pesto/jumpcut/src/part-1/index.js": {"path":"/Users/iamoperand/Web/Pesto/jumpcut/src/part-1/index.js","statementMap":{"0":{"start":{"line":1,"column":18},"end":{"line":1,"column":40}},"1":{"start":{"line":3,"column":21},"end":{"line":3,"column":46}},"2":{"start":{"line":4,"column":21},"end":{"line":4,"column":46}},"3":{"start":{"line":5,"column":17},"end":{"line":5,"column":38}},"4":{"start":{"line":6,"column":17},"end":{"line":6,"column":38}},"5":{"start":{"line":7,"column":22},"end":{"line":7,"column":48}},"6":{"start":{"line":10,"column":30},"end":{"line":10,"column":55}},"7":{"start":{"line":11,"column":30},"end":{"line":11,"column":55}},"8":{"start":{"line":12,"column":26},"end":{"line":12,"column":51}},"9":{"start":{"line":13,"column":26},"end":{"line":13,"column":47}},"10":{"start":{"line":14,"column":31},"end":{"line":14,"column":70}},"11":{"start":{"line":17,"column":0},"end":{"line":23,"column":2}}},"fnMap":{},"branchMap":{},"s":{"0":1,"1":1,"2":1,"3":1,"4":1,"5":1,"6":1,"7":1,"8":1,"9":1,"10":1,"11":1},"f":{},"b":{},"_coverageSchema":"332fd63041d2c1bcb487cc26dd0d5f7d97098a6c","hash":"0569dc2da37af0edd7cbb633f9790673322bc105"}
,"/Users/iamoperand/Web/Pesto/jumpcut/src/part-1/partialSumSeq.js": {"path":"/Users/iamoperand/Web/Pesto/jumpcut/src/part-1/partialSumSeq.js","statementMap":{"0":{"start":{"line":1,"column":22},"end":{"line":14,"column":1}},"1":{"start":{"line":2,"column":21},"end":{"line":2,"column":22}},"2":{"start":{"line":3,"column":19},"end":{"line":3,"column":40}},"3":{"start":{"line":4,"column":2},"end":{"line":13,"column":4}},"4":{"start":{"line":5,"column":17},"end":{"line":5,"column":27}},"5":{"start":{"line":7,"column":4},"end":{"line":7,"column":22}},"6":{"start":{"line":8,"column":4},"end":{"line":10,"column":5}},"7":{"start":{"line":9,"column":6},"end":{"line":9,"column":49}},"8":{"start":{"line":11,"column":4},"end":{"line":11,"column":40}},"9":{"start":{"line":12,"column":4},"end":{"line":12,"column":16}},"10":{"start":{"line":17,"column":0},"end":{"line":17,"column":31}}},"fnMap":{"0":{"name":"(anonymous_0)","decl":{"start":{"line":1,"column":22},"end":{"line":1,"column":23}},"loc":{"start":{"line":1,"column":38},"end":{"line":14,"column":1}},"line":1},"1":{"name":"(anonymous_1)","decl":{"start":{"line":4,"column":9},"end":{"line":4,"column":10}},"loc":{"start":{"line":4,"column":15},"end":{"line":13,"column":3}},"line":4}},"branchMap":{"0":{"loc":{"start":{"line":8,"column":4},"end":{"line":10,"column":5}},"type":"if","locations":[{"start":{"line":8,"column":4},"end":{"line":10,"column":5}},{"start":{"line":8,"column":4},"end":{"line":10,"column":5}}],"line":8}},"s":{"0":2,"1":4,"2":4,"3":4,"4":17,"5":17,"6":17,"7":2,"8":15,"9":15,"10":2},"f":{"0":4,"1":17},"b":{"0":[2,15]},"_coverageSchema":"332fd63041d2c1bcb487cc26dd0d5f7d97098a6c","hash":"8f9f5515bf0452e88c0f55fd09f53ed4b8e7c97d"}
,"/Users/iamoperand/Web/Pesto/jumpcut/src/part-1/primeSeq.js": {"path":"/Users/iamoperand/Web/Pesto/jumpcut/src/part-1/primeSeq.js","statementMap":{"0":{"start":{"line":1,"column":16},"end":{"line":16,"column":1}},"1":{"start":{"line":2,"column":20},"end":{"line":2,"column":34}},"2":{"start":{"line":4,"column":2},"end":{"line":6,"column":3}},"3":{"start":{"line":5,"column":4},"end":{"line":5,"column":17}},"4":{"start":{"line":7,"column":18},"end":{"line":7,"column":19}},"5":{"start":{"line":8,"column":2},"end":{"line":13,"column":3}},"6":{"start":{"line":9,"column":4},"end":{"line":11,"column":5}},"7":{"start":{"line":10,"column":6},"end":{"line":10,"column":19}},"8":{"start":{"line":12,"column":4},"end":{"line":12,"column":19}},"9":{"start":{"line":15,"column":2},"end":{"line":15,"column":14}},"10":{"start":{"line":18,"column":22},"end":{"line":24,"column":1}},"11":{"start":{"line":19,"column":19},"end":{"line":19,"column":22}},"12":{"start":{"line":20,"column":2},"end":{"line":22,"column":3}},"13":{"start":{"line":21,"column":4},"end":{"line":21,"column":20}},"14":{"start":{"line":23,"column":2},"end":{"line":23,"column":20}},"15":{"start":{"line":26,"column":17},"end":{"line":33,"column":1}},"16":{"start":{"line":27,"column":19},"end":{"line":27,"column":20}},"17":{"start":{"line":28,"column":2},"end":{"line":32,"column":4}},"18":{"start":{"line":29,"column":22},"end":{"line":29,"column":47}},"19":{"start":{"line":30,"column":4},"end":{"line":30,"column":31}},"20":{"start":{"line":31,"column":4},"end":{"line":31,"column":21}},"21":{"start":{"line":36,"column":0},"end":{"line":36,"column":26}}},"fnMap":{"0":{"name":"(anonymous_0)","decl":{"start":{"line":1,"column":16},"end":{"line":1,"column":17}},"loc":{"start":{"line":1,"column":25},"end":{"line":16,"column":1}},"line":1},"1":{"name":"(anonymous_1)","decl":{"start":{"line":18,"column":22},"end":{"line":18,"column":23}},"loc":{"start":{"line":18,"column":31},"end":{"line":24,"column":1}},"line":18},"2":{"name":"(anonymous_2)","decl":{"start":{"line":26,"column":17},"end":{"line":26,"column":18}},"loc":{"start":{"line":26,"column":23},"end":{"line":33,"column":1}},"line":26},"3":{"name":"(anonymous_3)","decl":{"start":{"line":28,"column":9},"end":{"line":28,"column":10}},"loc":{"start":{"line":28,"column":15},"end":{"line":32,"column":3}},"line":28}},"branchMap":{"0":{"loc":{"start":{"line":4,"column":2},"end":{"line":6,"column":3}},"type":"if","locations":[{"start":{"line":4,"column":2},"end":{"line":6,"column":3}},{"start":{"line":4,"column":2},"end":{"line":6,"column":3}}],"line":4},"1":{"loc":{"start":{"line":9,"column":4},"end":{"line":11,"column":5}},"type":"if","locations":[{"start":{"line":9,"column":4},"end":{"line":11,"column":5}},{"start":{"line":9,"column":4},"end":{"line":11,"column":5}}],"line":9}},"s":{"0":2,"1":26,"2":26,"3":2,"4":24,"5":24,"6":26,"7":12,"8":14,"9":12,"10":2,"11":12,"12":12,"13":14,"14":12,"15":2,"16":3,"17":3,"18":12,"19":12,"20":12,"21":2},"f":{"0":26,"1":12,"2":3,"3":12},"b":{"0":[2,24],"1":[12,14]},"_coverageSchema":"332fd63041d2c1bcb487cc26dd0d5f7d97098a6c","hash":"868b2c3e5119c3fc1449185ec4f9b51991cec1f6"}
,"/Users/iamoperand/Web/Pesto/jumpcut/src/part-1/rangeSeq.js": {"path":"/Users/iamoperand/Web/Pesto/jumpcut/src/part-1/rangeSeq.js","statementMap":{"0":{"start":{"line":1,"column":17},"end":{"line":8,"column":1}},"1":{"start":{"line":2,"column":25},"end":{"line":2,"column":30}},"2":{"start":{"line":3,"column":2},"end":{"line":7,"column":4}},"3":{"start":{"line":4,"column":17},"end":{"line":4,"column":33}},"4":{"start":{"line":5,"column":4},"end":{"line":5,"column":29}},"5":{"start":{"line":6,"column":4},"end":{"line":6,"column":16}},"6":{"start":{"line":11,"column":0},"end":{"line":11,"column":26}}},"fnMap":{"0":{"name":"(anonymous_0)","decl":{"start":{"line":1,"column":17},"end":{"line":1,"column":18}},"loc":{"start":{"line":1,"column":34},"end":{"line":8,"column":1}},"line":1},"1":{"name":"(anonymous_1)","decl":{"start":{"line":3,"column":9},"end":{"line":3,"column":10}},"loc":{"start":{"line":3,"column":15},"end":{"line":7,"column":3}},"line":3}},"branchMap":{},"s":{"0":3,"1":5,"2":5,"3":16,"4":16,"5":16,"6":3},"f":{"0":5,"1":16},"b":{},"_coverageSchema":"332fd63041d2c1bcb487cc26dd0d5f7d97098a6c","hash":"d90902a946e6f93fb5aef717a014c08003e544e2"}
,"/Users/iamoperand/Web/Pesto/jumpcut/src/part-2/accumulatorPipe.js": {"path":"/Users/iamoperand/Web/Pesto/jumpcut/src/part-2/accumulatorPipe.js","statementMap":{"0":{"start":{"line":1,"column":24},"end":{"line":7,"column":1}},"1":{"start":{"line":2,"column":12},"end":{"line":2,"column":13}},"2":{"start":{"line":3,"column":2},"end":{"line":6,"column":4}},"3":{"start":{"line":4,"column":4},"end":{"line":4,"column":17}},"4":{"start":{"line":5,"column":4},"end":{"line":5,"column":15}},"5":{"start":{"line":10,"column":0},"end":{"line":10,"column":33}}},"fnMap":{"0":{"name":"(anonymous_0)","decl":{"start":{"line":1,"column":24},"end":{"line":1,"column":25}},"loc":{"start":{"line":1,"column":30},"end":{"line":7,"column":1}},"line":1},"1":{"name":"(anonymous_1)","decl":{"start":{"line":3,"column":9},"end":{"line":3,"column":10}},"loc":{"start":{"line":3,"column":20},"end":{"line":6,"column":3}},"line":3}},"branchMap":{},"s":{"0":1,"1":2,"2":2,"3":8,"4":8,"5":1},"f":{"0":2,"1":8},"b":{},"_coverageSchema":"332fd63041d2c1bcb487cc26dd0d5f7d97098a6c","hash":"cb1f502877e69c93f2f3509c8b78c205bd96f859"}
,"/Users/iamoperand/Web/Pesto/jumpcut/src/part-2/index.js": {"path":"/Users/iamoperand/Web/Pesto/jumpcut/src/part-2/index.js","statementMap":{"0":{"start":{"line":1,"column":16},"end":{"line":1,"column":36}},"1":{"start":{"line":2,"column":24},"end":{"line":2,"column":52}},"2":{"start":{"line":3,"column":19},"end":{"line":3,"column":42}},"3":{"start":{"line":5,"column":18},"end":{"line":5,"column":48}},"4":{"start":{"line":6,"column":17},"end":{"line":6,"column":46}},"5":{"start":{"line":9,"column":17},"end":{"line":11,"column":11}},"6":{"start":{"line":13,"column":31},"end":{"line":16,"column":11}},"7":{"start":{"line":19,"column":12},"end":{"line":19,"column":33}},"8":{"start":{"line":20,"column":22},"end":{"line":20,"column":57}},"9":{"start":{"line":23,"column":0},"end":{"line":26,"column":2}}},"fnMap":{},"branchMap":{},"s":{"0":1,"1":1,"2":1,"3":1,"4":1,"5":1,"6":1,"7":1,"8":1,"9":1},"f":{},"b":{},"_coverageSchema":"332fd63041d2c1bcb487cc26dd0d5f7d97098a6c","hash":"d44cb1824650e0f147b8a1ac2799a1cc9d9cc28b"}
,"/Users/iamoperand/Web/Pesto/jumpcut/src/part-2/isEvenPipe.js": {"path":"/Users/iamoperand/Web/Pesto/jumpcut/src/part-2/isEvenPipe.js","statementMap":{"0":{"start":{"line":1,"column":15},"end":{"line":4,"column":2}},"1":{"start":{"line":1,"column":21},"end":{"line":4,"column":2}},"2":{"start":{"line":1,"column":31},"end":{"line":4,"column":1}},"3":{"start":{"line":7,"column":0},"end":{"line":7,"column":24}}},"fnMap":{"0":{"name":"(anonymous_0)","decl":{"start":{"line":1,"column":15},"end":{"line":1,"column":16}},"loc":{"start":{"line":1,"column":21},"end":{"line":4,"column":2}},"line":1},"1":{"name":"(anonymous_1)","decl":{"start":{"line":1,"column":21},"end":{"line":1,"column":22}},"loc":{"start":{"line":1,"column":31},"end":{"line":4,"column":1}},"line":1}},"branchMap":{},"s":{"0":1,"1":1,"2":4,"3":1},"f":{"0":1,"1":4},"b":{},"_coverageSchema":"332fd63041d2c1bcb487cc26dd0d5f7d97098a6c","hash":"157b3114c5354f2e006ddeb660adfb3f0e39b29a"}
,"/Users/iamoperand/Web/Pesto/jumpcut/src/part-2/pipeSeq.js": {"path":"/Users/iamoperand/Web/Pesto/jumpcut/src/part-2/pipeSeq.js","statementMap":{"0":{"start":{"line":1,"column":16},"end":{"line":11,"column":1}},"1":{"start":{"line":2,"column":16},"end":{"line":2,"column":18}},"2":{"start":{"line":3,"column":20},"end":{"line":3,"column":43}},"3":{"start":{"line":4,"column":2},"end":{"line":10,"column":4}},"4":{"start":{"line":6,"column":6},"end":{"line":6,"column":38}},"5":{"start":{"line":7,"column":6},"end":{"line":7,"column":18}},"6":{"start":{"line":9,"column":18},"end":{"line":9,"column":91}},"7":{"start":{"line":9,"column":24},"end":{"line":9,"column":91}},"8":{"start":{"line":9,"column":30},"end":{"line":9,"column":91}},"9":{"start":{"line":9,"column":63},"end":{"line":9,"column":77}},"10":{"start":{"line":14,"column":0},"end":{"line":14,"column":25}}},"fnMap":{"0":{"name":"(anonymous_0)","decl":{"start":{"line":1,"column":16},"end":{"line":1,"column":17}},"loc":{"start":{"line":1,"column":45},"end":{"line":11,"column":1}},"line":1},"1":{"name":"(anonymous_1)","decl":{"start":{"line":9,"column":12},"end":{"line":9,"column":13}},"loc":{"start":{"line":9,"column":18},"end":{"line":9,"column":91}},"line":9},"2":{"name":"(anonymous_2)","decl":{"start":{"line":9,"column":18},"end":{"line":9,"column":19}},"loc":{"start":{"line":9,"column":24},"end":{"line":9,"column":91}},"line":9},"3":{"name":"(anonymous_3)","decl":{"start":{"line":9,"column":24},"end":{"line":9,"column":25}},"loc":{"start":{"line":9,"column":30},"end":{"line":9,"column":91}},"line":9},"4":{"name":"(anonymous_4)","decl":{"start":{"line":9,"column":43},"end":{"line":9,"column":44}},"loc":{"start":{"line":9,"column":63},"end":{"line":9,"column":77}},"line":9}},"branchMap":{},"s":{"0":1,"1":2,"2":2,"3":2,"4":3,"5":3,"6":2,"7":2,"8":8,"9":12,"10":1},"f":{"0":2,"1":2,"2":2,"3":8,"4":12},"b":{},"_coverageSchema":"332fd63041d2c1bcb487cc26dd0d5f7d97098a6c","hash":"22c868c30e91c0a3532d7cb7581d02aeaf755565"}
}
