TN:
SF:/Users/iamoperand/Web/Pesto/jumpcut/src/part-1/PseudoGenerator.js
FN:2,(anonymous_0)
FN:6,(anonymous_1)
FN:10,(anonymous_2)
FNF:3
FNH:2
FNDA:7,(anonymous_0)
FNDA:0,(anonymous_1)
FNDA:36,(anonymous_2)
DA:3,7
DA:7,0
DA:11,36
DA:15,2
LF:4
LH:3
BRF:0
BRH:0
end_of_record
TN:
SF:/Users/iamoperand/Web/Pesto/jumpcut/src/part-1/factorialSeq.js
FN:1,(anonymous_0)
FN:8,(anonymous_1)
FN:10,(anonymous_2)
FNF:3
FNH:3
FNDA:30,(anonymous_0)
FNDA:3,(anonymous_1)
FNDA:10,(anonymous_2)
DA:1,2
DA:2,30
DA:3,10
DA:5,20
DA:8,2
DA:9,3
DA:10,3
DA:11,10
DA:12,10
DA:13,10
DA:17,2
LF:11
LH:11
BRDA:2,0,0,10
BRDA:2,0,1,20
BRF:2
BRH:2
end_of_record
TN:
SF:/Users/iamoperand/Web/Pesto/jumpcut/src/part-1/fibonacciSeq.js
FN:1,(anonymous_0)
FN:11,(anonymous_1)
FN:13,(anonymous_2)
FNF:3
FNH:3
FNDA:118,(anonymous_0)
FNDA:3,(anonymous_1)
FNDA:14,(anonymous_2)
DA:1,2
DA:2,118
DA:3,26
DA:5,92
DA:6,40
DA:8,52
DA:11,2
DA:12,3
DA:13,3
DA:14,14
DA:15,14
DA:16,14
DA:21,2
LF:13
LH:13
BRDA:2,0,0,26
BRDA:2,0,1,92
BRDA:5,1,0,40
BRDA:5,1,1,52
BRF:4
BRH:4
end_of_record
TN:
SF:/Users/iamoperand/Web/Pesto/jumpcut/src/part-1/generator.js
FN:4,(anonymous_0)
FNF:1
FNH:1
FNDA:7,(anonymous_0)
DA:1,2
DA:4,2
DA:5,7
DA:6,7
DA:10,2
LF:5
LH:5
BRF:0
BRH:0
end_of_record
TN:
SF:/Users/iamoperand/Web/Pesto/jumpcut/src/part-1/index.js
FNF:0
FNH:0
DA:1,1
DA:3,1
DA:4,1
DA:5,1
DA:6,1
DA:7,1
DA:10,1
DA:11,1
DA:12,1
DA:13,1
DA:14,1
DA:17,1
LF:12
LH:12
BRF:0
BRH:0
end_of_record
TN:
SF:/Users/iamoperand/Web/Pesto/jumpcut/src/part-1/partialSumSeq.js
FN:1,(anonymous_0)
FN:4,(anonymous_1)
FNF:2
FNH:2
FNDA:4,(anonymous_0)
FNDA:17,(anonymous_1)
DA:1,2
DA:2,4
DA:3,4
DA:4,4
DA:5,17
DA:7,17
DA:8,17
DA:9,2
DA:11,15
DA:12,15
DA:17,2
LF:11
LH:11
BRDA:8,0,0,2
BRDA:8,0,1,15
BRF:2
BRH:2
end_of_record
TN:
SF:/Users/iamoperand/Web/Pesto/jumpcut/src/part-1/primeSeq.js
FN:1,(anonymous_0)
FN:18,(anonymous_1)
FN:26,(anonymous_2)
FN:28,(anonymous_3)
FNF:4
FNH:4
FNDA:26,(anonymous_0)
FNDA:12,(anonymous_1)
FNDA:3,(anonymous_2)
FNDA:12,(anonymous_3)
DA:1,2
DA:2,26
DA:4,26
DA:5,2
DA:7,24
DA:8,24
DA:9,26
DA:10,12
DA:12,14
DA:15,12
DA:18,2
DA:19,12
DA:20,12
DA:21,14
DA:23,12
DA:26,2
DA:27,3
DA:28,3
DA:29,12
DA:30,12
DA:31,12
DA:36,2
LF:22
LH:22
BRDA:4,0,0,2
BRDA:4,0,1,24
BRDA:9,1,0,12
BRDA:9,1,1,14
BRF:4
BRH:4
end_of_record
TN:
SF:/Users/iamoperand/Web/Pesto/jumpcut/src/part-1/rangeSeq.js
FN:1,(anonymous_0)
FN:3,(anonymous_1)
FNF:2
FNH:2
FNDA:5,(anonymous_0)
FNDA:16,(anonymous_1)
DA:1,3
DA:2,5
DA:3,5
DA:4,16
DA:5,16
DA:6,16
DA:11,3
LF:7
LH:7
BRF:0
BRH:0
end_of_record
TN:
SF:/Users/iamoperand/Web/Pesto/jumpcut/src/part-2/accumulatorPipe.js
FN:1,(anonymous_0)
FN:3,(anonymous_1)
FNF:2
FNH:2
FNDA:2,(anonymous_0)
FNDA:8,(anonymous_1)
DA:1,1
DA:2,2
DA:3,2
DA:4,8
DA:5,8
DA:10,1
LF:6
LH:6
BRF:0
BRH:0
end_of_record
TN:
SF:/Users/iamoperand/Web/Pesto/jumpcut/src/part-2/index.js
FNF:0
FNH:0
DA:1,1
DA:2,1
DA:3,1
DA:5,1
DA:6,1
DA:9,1
DA:13,1
DA:19,1
DA:20,1
DA:23,1
LF:10
LH:10
BRF:0
BRH:0
end_of_record
TN:
SF:/Users/iamoperand/Web/Pesto/jumpcut/src/part-2/isEvenPipe.js
FN:1,(anonymous_0)
FN:1,(anonymous_1)
FNF:2
FNH:2
FNDA:1,(anonymous_0)
FNDA:4,(anonymous_1)
DA:1,4
DA:7,1
LF:2
LH:2
BRF:0
BRH:0
end_of_record
TN:
SF:/Users/iamoperand/Web/Pesto/jumpcut/src/part-2/pipeSeq.js
FN:1,(anonymous_0)
FN:9,(anonymous_1)
FN:9,(anonymous_2)
FN:9,(anonymous_3)
FN:9,(anonymous_4)
FNF:5
FNH:5
FNDA:2,(anonymous_0)
FNDA:2,(anonymous_1)
FNDA:2,(anonymous_2)
FNDA:8,(anonymous_3)
FNDA:12,(anonymous_4)
DA:1,1
DA:2,2
DA:3,2
DA:4,2
DA:6,3
DA:7,3
DA:9,12
DA:14,1
LF:8
LH:8
BRF:0
BRH:0
end_of_record
